C:\WORK\TUMOURGEN_REPLACEADJACENT\ABLATION\RELEASE\ABLATION.EXE.INTERMEDIATE.MANIFEST
C:\WORK\TUMOURGEN_REPLACEADJACENT\ABLATION\RELEASE\ABLATION.OBJ
C:\WORK\TUMOURGEN_REPLACEADJACENT\ABLATION\RELEASE\ABLATION.PCH
C:\WORK\TUMOURGEN_REPLACEADJACENT\ABLATION\RELEASE\ABLATION.RES
C:\work\TumourGen_ReplaceAdjacent\Ablation\Release\Ablation.vcxprojResolveAssemblyReference.cache
C:\work\TumourGen_ReplaceAdjacent\Ablation\Release\Ablation.write.1.tlog
C:\WORK\TUMOURGEN_REPLACEADJACENT\ABLATION\RELEASE\ABLATIONDOC.OBJ
C:\WORK\TUMOURGEN_REPLACEADJACENT\ABLATION\RELEASE\ABLATIONVIEW.OBJ
C:\WORK\TUMOURGEN_REPLACEADJACENT\ABLATION\RELEASE\ACAMERA.OBJ
C:\WORK\TUMOURGEN_REPLACEADJACENT\ABLATION\RELEASE\ACAMERACONTROLLER.OBJ
C:\WORK\TUMOURGEN_REPLACEADJACENT\ABLATION\RELEASE\AMESH.OBJ
C:\WORK\TUMOURGEN_REPLACEADJACENT\ABLATION\RELEASE\ASCENEMANAGER.OBJ
C:\WORK\TUMOURGEN_REPLACEADJACENT\ABLATION\RELEASE\ASCENERENDER.OBJ
C:\work\TumourGen_ReplaceAdjacent\Ablation\Release\cl.command.1.tlog
C:\work\TumourGen_ReplaceAdjacent\Ablation\Release\CL.read.1.tlog
C:\work\TumourGen_ReplaceAdjacent\Ablation\Release\CL.write.1.tlog
C:\WORK\TUMOURGEN_REPLACEADJACENT\ABLATION\RELEASE\COLLIDER.OBJ
C:\WORK\TUMOURGEN_REPLACEADJACENT\ABLATION\RELEASE\COLLISIONSETTING.OBJ
C:\WORK\TUMOURGEN_REPLACEADJACENT\ABLATION\RELEASE\CXIO.OBJ
C:\WORK\TUMOURGEN_REPLACEADJACENT\ABLATION\RELEASE\CXLINE.OBJ
C:\WORK\TUMOURGEN_REPLACEADJACENT\ABLATION\RELEASE\CXLINES.OBJ
C:\WORK\TUMOURGEN_REPLACEADJACENT\ABLATION\RELEASE\CXPOINTS.OBJ
C:\WORK\TUMOURGEN_REPLACEADJACENT\ABLATION\RELEASE\CXTRIANGLES.OBJ
C:\WORK\TUMOURGEN_REPLACEADJACENT\ABLATION\RELEASE\GLCONTEXT.OBJ
C:\WORK\TUMOURGEN_REPLACEADJACENT\ABLATION\RELEASE\GLSHADER.OBJ
C:\WORK\TUMOURGEN_REPLACEADJACENT\ABLATION\RELEASE\GLUTILS.OBJ
C:\work\TumourGen_ReplaceAdjacent\Ablation\Release\link.command.1.tlog
C:\work\TumourGen_ReplaceAdjacent\Ablation\Release\link.read.1.tlog
C:\work\TumourGen_ReplaceAdjacent\Ablation\Release\link.write.1.tlog
C:\work\TumourGen_ReplaceAdjacent\Ablation\Release\link-cvtres.read.1.tlog
C:\work\TumourGen_ReplaceAdjacent\Ablation\Release\link-cvtres.write.1.tlog
C:\WORK\TUMOURGEN_REPLACEADJACENT\ABLATION\RELEASE\MAINFRM.OBJ
C:\work\TumourGen_ReplaceAdjacent\Ablation\Release\mt.command.1.tlog
C:\work\TumourGen_ReplaceAdjacent\Ablation\Release\mt.read.1.tlog
C:\work\TumourGen_ReplaceAdjacent\Ablation\Release\mt.write.1.tlog
C:\WORK\TUMOURGEN_REPLACEADJACENT\ABLATION\RELEASE\PARAMETERS.OBJ
C:\work\TumourGen_ReplaceAdjacent\Ablation\Release\rc.command.1.tlog
C:\work\TumourGen_ReplaceAdjacent\Ablation\Release\rc.read.1.tlog
C:\work\TumourGen_ReplaceAdjacent\Ablation\Release\rc.write.1.tlog
C:\WORK\TUMOURGEN_REPLACEADJACENT\ABLATION\RELEASE\SHADERLIB.OBJ
C:\WORK\TUMOURGEN_REPLACEADJACENT\ABLATION\RELEASE\SPHERE.OBJ
C:\WORK\TUMOURGEN_REPLACEADJACENT\ABLATION\RELEASE\STDAFX.OBJ
C:\WORK\TUMOURGEN_REPLACEADJACENT\ABLATION\RELEASE\VC100.PDB
C:\WORK\TUMOURGEN_REPLACEADJACENT\ABLATION\RELEASE\XUTILMFC.OBJ
C:\WORK\TUMOURGEN_REPLACEADJACENT\BIN\ABLATION.EXE
C:\WORK\TUMOURGEN_REPLACEADJACENT\BIN\ABLATION.PDB
